2025-05-27 11:36:26 | INFO     | skymapper.main:generate_patches:191 - Found 3 TIFF images in /home/vberenz/Workspaces/skymap/images/
2025-05-27 11:36:26 | INFO     | skymapper.main:generate_patches:196 - Generating patches from 3 images
2025-05-27 11:36:26 | INFO     | skymapper.utils:load_image:36 - Successfully loaded image: /home/vberenz/Workspaces/skymap/images/nightskycam3_2025_04_07_04_21_30.tiff
2025-05-27 11:36:26 | ERROR    | skymapper.main:generate_patches:207 - Error generating patches: too many values to unpack (expected 2)
2025-05-27 11:37:50 | INFO     | skymapper.main:generate_patches:191 - Found 3 TIFF images in /home/vberenz/Workspaces/skymap/images/
2025-05-27 11:37:50 | INFO     | skymapper.main:generate_patches:196 - Generating patches from 3 images
2025-05-27 11:37:50 | INFO     | skymapper.utils:load_image:36 - Successfully loaded image: /home/vberenz/Workspaces/skymap/images/nightskycam3_2025_04_07_04_21_30.tiff
2025-05-27 11:37:50 | ERROR    | skymapper.main:generate_patches:207 - Error generating patches: too many values to unpack (expected 2)
2025-05-27 11:39:58 | INFO     | skymapper.main:generate_patches:191 - Found 3 TIFF images in /home/vberenz/Workspaces/skymap/images/
2025-05-27 11:39:58 | INFO     | skymapper.main:generate_patches:196 - Generating patches from 3 images
2025-05-27 11:39:58 | INFO     | skymapper.utils:load_image:36 - Successfully loaded image: /home/vberenz/Workspaces/skymap/images/nightskycam3_2025_04_07_04_21_30.tiff
2025-05-27 11:39:58 | ERROR    | skymapper.main:generate_patches:207 - Error generating patches: OpenCV(4.11.0) /io/opencv/modules/imgproc/src/contours_new.cpp:327: error: (-2:Unspecified error) in function 'static std::shared_ptr<ContourScanner_> ContourScanner_::create(cv::Mat, int, int, cv::Point)'
> Modes other than RETR_FLOODFILL and RETR_CCOMP support only CV_8UC1 images (expected: 'img.type() == CV_8UC1'), where
>     'img.type()' is 2 (CV_16UC1)
> must be equal to
>     'CV_8UC1' is 0 (CV_8UC1)

2025-05-27 11:40:45 | INFO     | skymapper.main:generate_patches:191 - Found 3 TIFF images in /home/vberenz/Workspaces/skymap/images/
2025-05-27 11:40:45 | INFO     | skymapper.main:generate_patches:196 - Generating patches from 3 images
2025-05-27 11:40:45 | INFO     | skymapper.utils:load_image:36 - Successfully loaded image: /home/vberenz/Workspaces/skymap/images/nightskycam3_2025_04_07_04_21_30.tiff
2025-05-27 11:40:45 | INFO     | skymapper.calibration:extract_patches_from_file:99 - Extracted 1 patches from /home/vberenz/Workspaces/skymap/images/nightskycam3_2025_04_07_04_21_30.tiff
2025-05-27 11:40:45 | INFO     | skymapper.utils:load_image:36 - Successfully loaded image: /home/vberenz/Workspaces/skymap/images/nightskycam3_2025_04_29_00_07_30.tiff
2025-05-27 11:40:45 | INFO     | skymapper.calibration:extract_patches_from_file:99 - Extracted 1 patches from /home/vberenz/Workspaces/skymap/images/nightskycam3_2025_04_29_00_07_30.tiff
2025-05-27 11:40:45 | INFO     | skymapper.utils:load_image:36 - Successfully loaded image: /home/vberenz/Workspaces/skymap/images/nightskycam3_2025_04_05_03_54_30.tiff
2025-05-27 11:40:45 | INFO     | skymapper.calibration:extract_patches_from_file:99 - Extracted 1 patches from /home/vberenz/Workspaces/skymap/images/nightskycam3_2025_04_05_03_54_30.tiff
2025-05-27 11:40:45 | INFO     | skymapper.main:generate_patches:202 - Generated a total number of 3 patches
2025-05-27 12:03:17 | INFO     | skymapper.main:generate_patches:191 - Found 3 TIFF images in /home/vberenz/Workspaces/skymap/images/
2025-05-27 12:03:17 | INFO     | skymapper.main:generate_patches:196 - Generating patches from 3 images
2025-05-27 12:03:17 | INFO     | skymapper.utils:load_image:36 - Successfully loaded image: /home/vberenz/Workspaces/skymap/images/nightskycam3_2025_04_07_04_21_30.tiff
2025-05-27 12:03:17 | INFO     | skymapper.calibration:extract_patches_from_file:99 - Extracted 1 patches from /home/vberenz/Workspaces/skymap/images/nightskycam3_2025_04_07_04_21_30.tiff
2025-05-27 12:03:17 | INFO     | skymapper.utils:load_image:36 - Successfully loaded image: /home/vberenz/Workspaces/skymap/images/nightskycam3_2025_04_29_00_07_30.tiff
2025-05-27 12:03:17 | INFO     | skymapper.calibration:extract_patches_from_file:99 - Extracted 1 patches from /home/vberenz/Workspaces/skymap/images/nightskycam3_2025_04_29_00_07_30.tiff
2025-05-27 12:03:17 | INFO     | skymapper.utils:load_image:36 - Successfully loaded image: /home/vberenz/Workspaces/skymap/images/nightskycam3_2025_04_05_03_54_30.tiff
2025-05-27 12:03:17 | INFO     | skymapper.calibration:extract_patches_from_file:99 - Extracted 1 patches from /home/vberenz/Workspaces/skymap/images/nightskycam3_2025_04_05_03_54_30.tiff
2025-05-27 12:03:17 | INFO     | skymapper.main:generate_patches:202 - Generated a total number of 3 patches
2025-05-27 12:04:52 | INFO     | skymapper.main:generate_patches:191 - Found 3 TIFF images in /home/vberenz/Workspaces/skymap/images/
2025-05-27 12:04:52 | INFO     | skymapper.main:generate_patches:196 - Generating patches from 3 images
2025-05-27 12:04:52 | INFO     | skymapper.utils:load_image:36 - Successfully loaded image: /home/vberenz/Workspaces/skymap/images/nightskycam3_2025_04_07_04_21_30.tiff
2025-05-27 12:04:52 | INFO     | skymapper.calibration:extract_patches_from_file:103 - Extracted 1 patches from /home/vberenz/Workspaces/skymap/images/nightskycam3_2025_04_07_04_21_30.tiff
2025-05-27 12:04:52 | INFO     | skymapper.calibration:extract_patches_from_file:107 - Saving patch patches/nightskycam3_2025_04_07_04_21_30_000.npz
2025-05-27 12:04:52 | INFO     | skymapper.utils:load_image:36 - Successfully loaded image: /home/vberenz/Workspaces/skymap/images/nightskycam3_2025_04_29_00_07_30.tiff
2025-05-27 12:04:52 | INFO     | skymapper.calibration:extract_patches_from_file:103 - Extracted 1 patches from /home/vberenz/Workspaces/skymap/images/nightskycam3_2025_04_29_00_07_30.tiff
2025-05-27 12:04:52 | INFO     | skymapper.calibration:extract_patches_from_file:107 - Saving patch patches/nightskycam3_2025_04_29_00_07_30_000.npz
2025-05-27 12:04:52 | INFO     | skymapper.utils:load_image:36 - Successfully loaded image: /home/vberenz/Workspaces/skymap/images/nightskycam3_2025_04_05_03_54_30.tiff
2025-05-27 12:04:52 | INFO     | skymapper.calibration:extract_patches_from_file:103 - Extracted 1 patches from /home/vberenz/Workspaces/skymap/images/nightskycam3_2025_04_05_03_54_30.tiff
2025-05-27 12:04:52 | INFO     | skymapper.calibration:extract_patches_from_file:107 - Saving patch patches/nightskycam3_2025_04_05_03_54_30_000.npz
2025-05-27 12:04:52 | INFO     | skymapper.main:generate_patches:202 - Generated a total number of 3 patches
2025-05-27 12:07:22 | INFO     | skymapper.main:generate_patches:191 - Found 3 TIFF images in /home/vberenz/Workspaces/skymap/images/
2025-05-27 12:07:22 | INFO     | skymapper.main:generate_patches:196 - Generating patches from 3 images
2025-05-27 12:07:22 | INFO     | skymapper.utils:load_image:36 - Successfully loaded image: /home/vberenz/Workspaces/skymap/images/nightskycam3_2025_04_07_04_21_30.tiff
2025-05-27 12:07:22 | INFO     | skymapper.calibration:extract_patches_from_file:95 - Extracting patches from /home/vberenz/Workspaces/skymap/images/nightskycam3_2025_04_07_04_21_30.tiff ((2822, 4144, 3), uint16)
2025-05-27 12:07:22 | INFO     | skymapper.calibration:extract_patches_from_file:104 - Extracted 1 patches from /home/vberenz/Workspaces/skymap/images/nightskycam3_2025_04_07_04_21_30.tiff
2025-05-27 12:07:22 | INFO     | skymapper.calibration:extract_patches_from_file:108 - Saving patch patches/nightskycam3_2025_04_07_04_21_30_000.npz
2025-05-27 12:07:22 | INFO     | skymapper.utils:load_image:36 - Successfully loaded image: /home/vberenz/Workspaces/skymap/images/nightskycam3_2025_04_29_00_07_30.tiff
2025-05-27 12:07:22 | INFO     | skymapper.calibration:extract_patches_from_file:95 - Extracting patches from /home/vberenz/Workspaces/skymap/images/nightskycam3_2025_04_29_00_07_30.tiff ((2822, 4144, 3), uint16)
2025-05-27 12:07:22 | INFO     | skymapper.calibration:extract_patches_from_file:104 - Extracted 1 patches from /home/vberenz/Workspaces/skymap/images/nightskycam3_2025_04_29_00_07_30.tiff
2025-05-27 12:07:22 | INFO     | skymapper.calibration:extract_patches_from_file:108 - Saving patch patches/nightskycam3_2025_04_29_00_07_30_000.npz
2025-05-27 12:07:22 | INFO     | skymapper.utils:load_image:36 - Successfully loaded image: /home/vberenz/Workspaces/skymap/images/nightskycam3_2025_04_05_03_54_30.tiff
2025-05-27 12:07:22 | INFO     | skymapper.calibration:extract_patches_from_file:95 - Extracting patches from /home/vberenz/Workspaces/skymap/images/nightskycam3_2025_04_05_03_54_30.tiff ((2822, 4144, 3), uint16)
2025-05-27 12:07:22 | INFO     | skymapper.calibration:extract_patches_from_file:104 - Extracted 1 patches from /home/vberenz/Workspaces/skymap/images/nightskycam3_2025_04_05_03_54_30.tiff
2025-05-27 12:07:22 | INFO     | skymapper.calibration:extract_patches_from_file:108 - Saving patch patches/nightskycam3_2025_04_05_03_54_30_000.npz
2025-05-27 12:07:22 | INFO     | skymapper.main:generate_patches:202 - Generated a total number of 3 patches
2025-05-27 12:07:52 | INFO     | skymapper.main:generate_patches:191 - Found 3 TIFF images in /home/vberenz/Workspaces/skymap/images/
2025-05-27 12:07:52 | INFO     | skymapper.main:generate_patches:196 - Generating patches from 3 images
2025-05-27 12:07:52 | INFO     | skymapper.utils:load_image:36 - Successfully loaded image: /home/vberenz/Workspaces/skymap/images/nightskycam3_2025_04_07_04_21_30.tiff
2025-05-27 12:07:52 | INFO     | skymapper.calibration:extract_patches_from_file:95 - Extracting patches from /home/vberenz/Workspaces/skymap/images/nightskycam3_2025_04_07_04_21_30.tiff ((2822, 4144, 3), uint16)
2025-05-27 12:07:52 | INFO     | skymapper.calibration:extract_patches_from_file:104 - Extracted 1 patches from /home/vberenz/Workspaces/skymap/images/nightskycam3_2025_04_07_04_21_30.tiff
2025-05-27 12:07:52 | INFO     | skymapper.calibration:extract_patches_from_file:108 - Saving patch patches/nightskycam3_2025_04_07_04_21_30_000.npz ((518, 304, 3), uint16)
2025-05-27 12:07:52 | INFO     | skymapper.utils:load_image:36 - Successfully loaded image: /home/vberenz/Workspaces/skymap/images/nightskycam3_2025_04_29_00_07_30.tiff
2025-05-27 12:07:52 | INFO     | skymapper.calibration:extract_patches_from_file:95 - Extracting patches from /home/vberenz/Workspaces/skymap/images/nightskycam3_2025_04_29_00_07_30.tiff ((2822, 4144, 3), uint16)
2025-05-27 12:07:52 | INFO     | skymapper.calibration:extract_patches_from_file:104 - Extracted 1 patches from /home/vberenz/Workspaces/skymap/images/nightskycam3_2025_04_29_00_07_30.tiff
2025-05-27 12:07:52 | INFO     | skymapper.calibration:extract_patches_from_file:108 - Saving patch patches/nightskycam3_2025_04_29_00_07_30_000.npz ((518, 304, 3), uint16)
2025-05-27 12:07:52 | INFO     | skymapper.utils:load_image:36 - Successfully loaded image: /home/vberenz/Workspaces/skymap/images/nightskycam3_2025_04_05_03_54_30.tiff
2025-05-27 12:07:52 | INFO     | skymapper.calibration:extract_patches_from_file:95 - Extracting patches from /home/vberenz/Workspaces/skymap/images/nightskycam3_2025_04_05_03_54_30.tiff ((2822, 4144, 3), uint16)
2025-05-27 12:07:52 | INFO     | skymapper.calibration:extract_patches_from_file:104 - Extracted 1 patches from /home/vberenz/Workspaces/skymap/images/nightskycam3_2025_04_05_03_54_30.tiff
2025-05-27 12:07:52 | INFO     | skymapper.calibration:extract_patches_from_file:108 - Saving patch patches/nightskycam3_2025_04_05_03_54_30_000.npz ((518, 304, 3), uint16)
2025-05-27 12:07:52 | INFO     | skymapper.main:generate_patches:202 - Generated a total number of 3 patches
2025-05-27 12:14:42 | INFO     | skymapper.main:generate_patches:186 - Found 3 TIFF images in /home/vberenz/Workspaces/skymap/images/
2025-05-27 12:14:42 | INFO     | skymapper.main:generate_patches:191 - Generating patches from 3 images
2025-05-27 12:14:42 | INFO     | skymapper.utils:load_image:51 - Successfully loaded image: /home/vberenz/Workspaces/skymap/images/nightskycam3_2025_04_07_04_21_30.tiff
2025-05-27 12:14:42 | ERROR    | skymapper.main:generate_patches:202 - Error generating patches: name 'logger' is not defined
2025-05-27 12:14:56 | INFO     | skymapper.main:generate_patches:186 - Found 3 TIFF images in /home/vberenz/Workspaces/skymap/images/
2025-05-27 12:14:56 | INFO     | skymapper.main:generate_patches:191 - Generating patches from 3 images
2025-05-27 12:14:56 | INFO     | skymapper.utils:load_image:51 - Successfully loaded image: /home/vberenz/Workspaces/skymap/images/nightskycam3_2025_04_07_04_21_30.tiff
2025-05-27 12:14:56 | INFO     | skymapper.patchs:extract_patches_from_file:93 - Extracting patches from nightskycam3_2025_04_07_04_21_30 ((2822, 4144, 3), uint8)
2025-05-27 12:14:56 | ERROR    | skymapper.main:generate_patches:202 - Error generating patches: name 'cv2' is not defined
2025-05-27 12:15:10 | INFO     | skymapper.main:generate_patches:186 - Found 3 TIFF images in /home/vberenz/Workspaces/skymap/images/
2025-05-27 12:15:10 | INFO     | skymapper.main:generate_patches:191 - Generating patches from 3 images
2025-05-27 12:15:11 | INFO     | skymapper.utils:load_image:51 - Successfully loaded image: /home/vberenz/Workspaces/skymap/images/nightskycam3_2025_04_07_04_21_30.tiff
2025-05-27 12:15:11 | INFO     | skymapper.patchs:extract_patches_from_file:94 - Extracting patches from nightskycam3_2025_04_07_04_21_30 ((2822, 4144, 3), uint8)
2025-05-27 12:15:11 | INFO     | skymapper.patchs:extract_patches_from_file:105 - Extracted 0 patches from /home/vberenz/Workspaces/skymap/images/nightskycam3_2025_04_07_04_21_30.tiff
2025-05-27 12:15:11 | INFO     | skymapper.utils:load_image:51 - Successfully loaded image: /home/vberenz/Workspaces/skymap/images/nightskycam3_2025_04_29_00_07_30.tiff
2025-05-27 12:15:11 | INFO     | skymapper.patchs:extract_patches_from_file:94 - Extracting patches from nightskycam3_2025_04_29_00_07_30 ((2822, 4144, 3), uint8)
2025-05-27 12:15:11 | INFO     | skymapper.patchs:extract_patches_from_file:105 - Extracted 0 patches from /home/vberenz/Workspaces/skymap/images/nightskycam3_2025_04_29_00_07_30.tiff
2025-05-27 12:15:11 | INFO     | skymapper.utils:load_image:51 - Successfully loaded image: /home/vberenz/Workspaces/skymap/images/nightskycam3_2025_04_05_03_54_30.tiff
2025-05-27 12:15:11 | INFO     | skymapper.patchs:extract_patches_from_file:94 - Extracting patches from nightskycam3_2025_04_05_03_54_30 ((2822, 4144, 3), uint8)
2025-05-27 12:15:11 | INFO     | skymapper.patchs:extract_patches_from_file:105 - Extracted 0 patches from /home/vberenz/Workspaces/skymap/images/nightskycam3_2025_04_05_03_54_30.tiff
2025-05-27 12:15:11 | INFO     | skymapper.main:generate_patches:197 - Generated a total number of 0 patches
2025-05-27 12:15:34 | INFO     | skymapper.main:generate_patches:186 - Found 3 TIFF images in /home/vberenz/Workspaces/skymap/images/
2025-05-27 12:15:34 | INFO     | skymapper.main:generate_patches:191 - Generating patches from 3 images
2025-05-27 12:15:34 | INFO     | skymapper.utils:load_image:51 - Successfully loaded image: /home/vberenz/Workspaces/skymap/images/nightskycam3_2025_04_07_04_21_30.tiff
2025-05-27 12:15:34 | INFO     | skymapper.patchs:extract_patches_from_file:94 - Extracting patches from nightskycam3_2025_04_07_04_21_30 ((2822, 4144, 3), uint8)
2025-05-27 12:15:34 | INFO     | skymapper.patchs:extract_patches_from_file:105 - Extracted 0 patches from /home/vberenz/Workspaces/skymap/images/nightskycam3_2025_04_07_04_21_30.tiff
2025-05-27 12:15:34 | INFO     | skymapper.utils:load_image:51 - Successfully loaded image: /home/vberenz/Workspaces/skymap/images/nightskycam3_2025_04_29_00_07_30.tiff
2025-05-27 12:15:34 | INFO     | skymapper.patchs:extract_patches_from_file:94 - Extracting patches from nightskycam3_2025_04_29_00_07_30 ((2822, 4144, 3), uint8)
2025-05-27 12:15:34 | INFO     | skymapper.patchs:extract_patches_from_file:105 - Extracted 0 patches from /home/vberenz/Workspaces/skymap/images/nightskycam3_2025_04_29_00_07_30.tiff
2025-05-27 12:15:34 | INFO     | skymapper.utils:load_image:51 - Successfully loaded image: /home/vberenz/Workspaces/skymap/images/nightskycam3_2025_04_05_03_54_30.tiff
2025-05-27 12:15:35 | INFO     | skymapper.patchs:extract_patches_from_file:94 - Extracting patches from nightskycam3_2025_04_05_03_54_30 ((2822, 4144, 3), uint8)
2025-05-27 12:15:35 | INFO     | skymapper.patchs:extract_patches_from_file:105 - Extracted 0 patches from /home/vberenz/Workspaces/skymap/images/nightskycam3_2025_04_05_03_54_30.tiff
2025-05-27 12:15:35 | INFO     | skymapper.main:generate_patches:197 - Generated a total number of 0 patches
2025-05-27 12:15:37 | INFO     | skymapper.main:generate_patches:186 - Found 3 TIFF images in /home/vberenz/Workspaces/skymap/images/
2025-05-27 12:15:37 | INFO     | skymapper.main:generate_patches:191 - Generating patches from 3 images
2025-05-27 12:15:37 | INFO     | skymapper.utils:load_image:51 - Successfully loaded image: /home/vberenz/Workspaces/skymap/images/nightskycam3_2025_04_07_04_21_30.tiff
2025-05-27 12:15:37 | INFO     | skymapper.patchs:extract_patches_from_file:94 - Extracting patches from nightskycam3_2025_04_07_04_21_30 ((2822, 4144, 3), uint8)
2025-05-27 12:15:37 | INFO     | skymapper.patchs:extract_patches_from_file:105 - Extracted 0 patches from /home/vberenz/Workspaces/skymap/images/nightskycam3_2025_04_07_04_21_30.tiff
2025-05-27 12:15:37 | INFO     | skymapper.utils:load_image:51 - Successfully loaded image: /home/vberenz/Workspaces/skymap/images/nightskycam3_2025_04_29_00_07_30.tiff
2025-05-27 12:15:37 | INFO     | skymapper.patchs:extract_patches_from_file:94 - Extracting patches from nightskycam3_2025_04_29_00_07_30 ((2822, 4144, 3), uint8)
2025-05-27 12:15:37 | INFO     | skymapper.patchs:extract_patches_from_file:105 - Extracted 0 patches from /home/vberenz/Workspaces/skymap/images/nightskycam3_2025_04_29_00_07_30.tiff
2025-05-27 12:15:37 | INFO     | skymapper.utils:load_image:51 - Successfully loaded image: /home/vberenz/Workspaces/skymap/images/nightskycam3_2025_04_05_03_54_30.tiff
2025-05-27 12:15:37 | INFO     | skymapper.patchs:extract_patches_from_file:94 - Extracting patches from nightskycam3_2025_04_05_03_54_30 ((2822, 4144, 3), uint8)
2025-05-27 12:15:37 | INFO     | skymapper.patchs:extract_patches_from_file:105 - Extracted 0 patches from /home/vberenz/Workspaces/skymap/images/nightskycam3_2025_04_05_03_54_30.tiff
2025-05-27 12:15:38 | INFO     | skymapper.main:generate_patches:197 - Generated a total number of 0 patches
2025-05-27 12:16:13 | INFO     | skymapper.main:generate_patches:186 - Found 3 TIFF images in /home/vberenz/Workspaces/skymap/images/
2025-05-27 12:16:13 | INFO     | skymapper.main:generate_patches:191 - Generating patches from 3 images
2025-05-27 12:16:13 | INFO     | skymapper.utils:load_image:51 - Successfully loaded image: /home/vberenz/Workspaces/skymap/images/nightskycam3_2025_04_07_04_21_30.tiff
2025-05-27 12:16:13 | INFO     | skymapper.patchs:extract_patches_from_file:94 - Extracting patches from nightskycam3_2025_04_07_04_21_30 ((2822, 4144, 3), uint8)
2025-05-27 12:16:13 | INFO     | skymapper.patchs:extract_patches_from_file:105 - Extracted 0 patches from /home/vberenz/Workspaces/skymap/images/nightskycam3_2025_04_07_04_21_30.tiff
2025-05-27 12:16:13 | INFO     | skymapper.utils:load_image:51 - Successfully loaded image: /home/vberenz/Workspaces/skymap/images/nightskycam3_2025_04_29_00_07_30.tiff
2025-05-27 12:16:13 | INFO     | skymapper.patchs:extract_patches_from_file:94 - Extracting patches from nightskycam3_2025_04_29_00_07_30 ((2822, 4144, 3), uint8)
2025-05-27 12:16:13 | INFO     | skymapper.patchs:extract_patches_from_file:105 - Extracted 0 patches from /home/vberenz/Workspaces/skymap/images/nightskycam3_2025_04_29_00_07_30.tiff
2025-05-27 12:16:13 | INFO     | skymapper.utils:load_image:51 - Successfully loaded image: /home/vberenz/Workspaces/skymap/images/nightskycam3_2025_04_05_03_54_30.tiff
2025-05-27 12:16:13 | INFO     | skymapper.patchs:extract_patches_from_file:94 - Extracting patches from nightskycam3_2025_04_05_03_54_30 ((2822, 4144, 3), uint8)
2025-05-27 12:16:14 | INFO     | skymapper.patchs:extract_patches_from_file:105 - Extracted 0 patches from /home/vberenz/Workspaces/skymap/images/nightskycam3_2025_04_05_03_54_30.tiff
2025-05-27 12:16:14 | INFO     | skymapper.main:generate_patches:197 - Generated a total number of 0 patches
2025-05-27 12:18:44 | INFO     | skymapper.main:generate_patches:186 - Found 3 TIFF images in /home/vberenz/Workspaces/skymap/images/
2025-05-27 12:18:44 | INFO     | skymapper.main:generate_patches:191 - Generating patches from 3 images
2025-05-27 12:18:44 | INFO     | skymapper.utils:load_image:51 - Successfully loaded image: /home/vberenz/Workspaces/skymap/images/nightskycam3_2025_04_07_04_21_30.tiff
2025-05-27 12:18:44 | INFO     | skymapper.patchs:extract_patches_from_file:92 - Extracting patches from nightskycam3_2025_04_07_04_21_30 ((2822, 4144, 3), uint8)
2025-05-27 13:38:50 | INFO     | skymapper.main:generate_patches:202 - Found 3 TIFF images in /home/vberenz/Workspaces/skymap/images/
2025-05-27 13:38:50 | INFO     | skymapper.main:generate_patches:207 - Generating patches from 3 images
2025-05-27 13:38:50 | INFO     | skymapper.utils:load_image:51 - Successfully loaded image: /home/vberenz/Workspaces/skymap/images/nightskycam3_2025_04_07_04_21_30.tiff
2025-05-27 13:38:50 | INFO     | skymapper.patchs:extract_patches_from_file:97 - Extracting patches from nightskycam3_2025_04_07_04_21_30 ((2822, 4144, 3), uint8)
2025-05-27 13:46:09 | INFO     | skymapper.main:generate_patches:202 - Found 3 TIFF images in /home/vberenz/Workspaces/skymap/images/
2025-05-27 13:46:09 | INFO     | skymapper.main:generate_patches:207 - Generating patches from 3 images
2025-05-27 13:46:09 | INFO     | skymapper.utils:load_image:51 - Successfully loaded image: /home/vberenz/Workspaces/skymap/images/nightskycam3_2025_04_07_04_21_30.tiff
2025-05-27 13:46:09 | INFO     | skymapper.patchs:extract_patches_from_file:97 - Extracting patches from nightskycam3_2025_04_07_04_21_30 ((2822, 4144, 3), uint8)
2025-05-27 13:48:32 | INFO     | skymapper.main:generate_patches:202 - Found 3 TIFF images in /home/vberenz/Workspaces/skymap/images/
2025-05-27 13:48:32 | INFO     | skymapper.main:generate_patches:207 - Generating patches from 3 images
2025-05-27 13:48:32 | INFO     | skymapper.utils:load_image:51 - Successfully loaded image: /home/vberenz/Workspaces/skymap/images/nightskycam3_2025_04_07_04_21_30.tiff
2025-05-27 13:48:32 | INFO     | skymapper.patchs:extract_patches_from_file:97 - Extracting patches from nightskycam3_2025_04_07_04_21_30 ((2822, 4144, 3), uint8)
2025-05-27 13:49:24 | INFO     | skymapper.main:generate_patches:202 - Found 3 TIFF images in /home/vberenz/Workspaces/skymap/images/
2025-05-27 13:49:24 | INFO     | skymapper.main:generate_patches:207 - Generating patches from 3 images
2025-05-27 13:49:24 | INFO     | skymapper.utils:load_image:51 - Successfully loaded image: /home/vberenz/Workspaces/skymap/images/nightskycam3_2025_04_07_04_21_30.tiff
2025-05-27 13:49:24 | INFO     | skymapper.patchs:extract_patches_from_file:97 - Extracting patches from nightskycam3_2025_04_07_04_21_30 ((2822, 4144, 3), uint8)
2025-05-27 13:49:24 | INFO     | skymapper.patchs:extract_patches_from_file:108 - Extracted 13 patches from /home/vberenz/Workspaces/skymap/images/nightskycam3_2025_04_07_04_21_30.tiff
2025-05-27 13:49:24 | INFO     | skymapper.patchs:extract_patches_from_file:112 - Saving patch nightskycam3_2025_04_07_04_21_30_000 ((500, 500, 3), uint8)
2025-05-27 13:49:24 | INFO     | skymapper.patchs:extract_patches_from_file:112 - Saving patch nightskycam3_2025_04_07_04_21_30_001 ((500, 500, 3), uint8)
2025-05-27 13:49:24 | INFO     | skymapper.patchs:extract_patches_from_file:112 - Saving patch nightskycam3_2025_04_07_04_21_30_002 ((500, 500, 3), uint8)
2025-05-27 13:49:24 | INFO     | skymapper.patchs:extract_patches_from_file:112 - Saving patch nightskycam3_2025_04_07_04_21_30_003 ((500, 500, 3), uint8)
2025-05-27 13:49:24 | INFO     | skymapper.patchs:extract_patches_from_file:112 - Saving patch nightskycam3_2025_04_07_04_21_30_004 ((500, 500, 3), uint8)
2025-05-27 13:49:24 | INFO     | skymapper.patchs:extract_patches_from_file:112 - Saving patch nightskycam3_2025_04_07_04_21_30_005 ((500, 500, 3), uint8)
2025-05-27 13:49:24 | INFO     | skymapper.patchs:extract_patches_from_file:112 - Saving patch nightskycam3_2025_04_07_04_21_30_006 ((500, 500, 3), uint8)
2025-05-27 13:49:24 | INFO     | skymapper.patchs:extract_patches_from_file:112 - Saving patch nightskycam3_2025_04_07_04_21_30_007 ((500, 500, 3), uint8)
2025-05-27 13:49:24 | INFO     | skymapper.patchs:extract_patches_from_file:112 - Saving patch nightskycam3_2025_04_07_04_21_30_008 ((500, 500, 3), uint8)
2025-05-27 13:49:24 | INFO     | skymapper.patchs:extract_patches_from_file:112 - Saving patch nightskycam3_2025_04_07_04_21_30_009 ((500, 500, 3), uint8)
2025-05-27 13:49:24 | INFO     | skymapper.patchs:extract_patches_from_file:112 - Saving patch nightskycam3_2025_04_07_04_21_30_010 ((500, 500, 3), uint8)
2025-05-27 13:49:24 | INFO     | skymapper.patchs:extract_patches_from_file:112 - Saving patch nightskycam3_2025_04_07_04_21_30_011 ((500, 500, 3), uint8)
2025-05-27 13:49:24 | INFO     | skymapper.patchs:extract_patches_from_file:112 - Saving patch nightskycam3_2025_04_07_04_21_30_012 ((500, 500, 3), uint8)
2025-05-27 13:49:24 | INFO     | skymapper.utils:load_image:51 - Successfully loaded image: /home/vberenz/Workspaces/skymap/images/nightskycam3_2025_04_29_00_07_30.tiff
2025-05-27 13:49:24 | INFO     | skymapper.patchs:extract_patches_from_file:97 - Extracting patches from nightskycam3_2025_04_29_00_07_30 ((2822, 4144, 3), uint8)
2025-05-27 13:49:24 | INFO     | skymapper.patchs:extract_patches_from_file:108 - Extracted 2 patches from /home/vberenz/Workspaces/skymap/images/nightskycam3_2025_04_29_00_07_30.tiff
2025-05-27 13:49:24 | INFO     | skymapper.patchs:extract_patches_from_file:112 - Saving patch nightskycam3_2025_04_29_00_07_30_000 ((500, 500, 3), uint8)
2025-05-27 13:49:24 | INFO     | skymapper.patchs:extract_patches_from_file:112 - Saving patch nightskycam3_2025_04_29_00_07_30_001 ((500, 500, 3), uint8)
2025-05-27 13:49:24 | INFO     | skymapper.utils:load_image:51 - Successfully loaded image: /home/vberenz/Workspaces/skymap/images/nightskycam3_2025_04_05_03_54_30.tiff
2025-05-27 13:49:24 | INFO     | skymapper.patchs:extract_patches_from_file:97 - Extracting patches from nightskycam3_2025_04_05_03_54_30 ((2822, 4144, 3), uint8)
2025-05-27 13:49:24 | INFO     | skymapper.patchs:extract_patches_from_file:108 - Extracted 10 patches from /home/vberenz/Workspaces/skymap/images/nightskycam3_2025_04_05_03_54_30.tiff
2025-05-27 13:49:24 | INFO     | skymapper.patchs:extract_patches_from_file:112 - Saving patch nightskycam3_2025_04_05_03_54_30_000 ((500, 500, 3), uint8)
2025-05-27 13:49:24 | INFO     | skymapper.patchs:extract_patches_from_file:112 - Saving patch nightskycam3_2025_04_05_03_54_30_001 ((500, 500, 3), uint8)
2025-05-27 13:49:24 | INFO     | skymapper.patchs:extract_patches_from_file:112 - Saving patch nightskycam3_2025_04_05_03_54_30_002 ((500, 500, 3), uint8)
2025-05-27 13:49:24 | INFO     | skymapper.patchs:extract_patches_from_file:112 - Saving patch nightskycam3_2025_04_05_03_54_30_003 ((500, 500, 3), uint8)
2025-05-27 13:49:24 | INFO     | skymapper.patchs:extract_patches_from_file:112 - Saving patch nightskycam3_2025_04_05_03_54_30_004 ((500, 500, 3), uint8)
2025-05-27 13:49:24 | INFO     | skymapper.patchs:extract_patches_from_file:112 - Saving patch nightskycam3_2025_04_05_03_54_30_005 ((500, 500, 3), uint8)
2025-05-27 13:49:24 | INFO     | skymapper.patchs:extract_patches_from_file:112 - Saving patch nightskycam3_2025_04_05_03_54_30_006 ((500, 500, 3), uint8)
2025-05-27 13:49:24 | INFO     | skymapper.patchs:extract_patches_from_file:112 - Saving patch nightskycam3_2025_04_05_03_54_30_007 ((500, 500, 3), uint8)
2025-05-27 13:49:24 | INFO     | skymapper.patchs:extract_patches_from_file:112 - Saving patch nightskycam3_2025_04_05_03_54_30_008 ((500, 500, 3), uint8)
2025-05-27 13:49:24 | INFO     | skymapper.patchs:extract_patches_from_file:112 - Saving patch nightskycam3_2025_04_05_03_54_30_009 ((500, 500, 3), uint8)
2025-05-27 13:49:24 | INFO     | skymapper.main:generate_patches:218 - Generated a total number of 25 patches
